  encryption.cpp
  Main.cpp
  Please define _WIN32_WINNT or _WIN32_WINDOWS appropriately. For example:
  - add -D_WIN32_WINNT=0x0601 to the compiler command line; or
  - add _WIN32_WINNT=0x0601 to your project's Preprocessor Definitions.
  Assuming _WIN32_WINNT=0x0601 (i.e. Windows 7 target).
  The contents of <filesystem> are available only with C++17 or later.
D:\DefenciveProject\Client\Client\Client\Protocols.h(19,1): warning C4005: 'PRIV_KEY': macro redefinition
D:\DefenciveProject\Client\Client\Client\encryption.h(12): message : see previous definition of 'PRIV_KEY'
  Protocols.cpp
D:\DefenciveProject\Client\Client\Client\Protocols.h(19,1): warning C4005: 'PRIV_KEY': macro redefinition
D:\DefenciveProject\Client\Client\Client\encryption.h(12): message : see previous definition of 'PRIV_KEY'
D:\DefenciveProject\Client\Client\Client\Protocols.cpp(68,75): warning C4267: '=': conversion from 'size_t' to 'uint32_t', possible loss of data
D:\DefenciveProject\Client\Client\Client\Protocols.cpp(111,21): warning C4101: 'key': unreferenced local variable
D:\DefenciveProject\Client\Client\Client\Protocols.cpp(159,98): warning C4267: '=': conversion from 'size_t' to 'uint32_t', possible loss of data
  Request.cpp
  Response.cpp
  Generating Code...
encryption.obj : error LNK2019: unresolved external symbol "public: void __cdecl CryptoPP::GeneratableCryptoMaterial::GenerateRandomWithKeySize(class CryptoPP::RandomNumberGenerator &,unsigned int)" (?GenerateRandomWithKeySize@GeneratableCryptoMaterial@CryptoPP@@QEAAXAEAVRandomNumberGenerator@2@I@Z) referenced in function "public: bool __cdecl Encryption::generateKeys(class std::basic_string<char,struct std::char_traits<char>,class std::allocator<char> >)" (?generateKeys@Encryption@@QEAA_NV?$basic_string@DU?$char_traits@D@std@@V?$allocator@D@2@@std@@@Z)
encryption.obj : error LNK2019: unresolved external symbol "void __cdecl CryptoPP::AlignedDeallocate(void *)" (?AlignedDeallocate@CryptoPP@@YAXPEAX@Z) referenced in function "public: void __cdecl CryptoPP::AllocatorWithCleanup<unsigned __int64,1>::deallocate(void *,unsigned __int64)" (?deallocate@?$AllocatorWithCleanup@_K$00@CryptoPP@@QEAAXPEAX_K@Z)
encryption.obj : error LNK2019: unresolved external symbol "void __cdecl CryptoPP::UnalignedDeallocate(void *)" (?UnalignedDeallocate@CryptoPP@@YAXPEAX@Z) referenced in function "public: void __cdecl CryptoPP::AllocatorWithCleanup<unsigned __int64,1>::deallocate(void *,unsigned __int64)" (?deallocate@?$AllocatorWithCleanup@_K$00@CryptoPP@@QEAAXPEAX_K@Z)
encryption.obj : error LNK2019: unresolved external symbol "public: __cdecl CryptoPP::Integer::Integer(void)" (??0Integer@CryptoPP@@QEAA@XZ) referenced in function "public: __cdecl CryptoPP::InvertibleRSAFunction::InvertibleRSAFunction(void)" (??0InvertibleRSAFunction@CryptoPP@@QEAA@XZ)
encryption.obj : error LNK2019: unresolved external symbol "public: __cdecl CryptoPP::Integer::Integer(class CryptoPP::Integer const &)" (??0Integer@CryptoPP@@QEAA@AEBV01@@Z) referenced in function "public: __cdecl CryptoPP::InvertibleRSAFunction::InvertibleRSAFunction(class CryptoPP::InvertibleRSAFunction const &)" (??0InvertibleRSAFunction@CryptoPP@@QEAA@AEBV01@@Z)
encryption.obj : error LNK2019: unresolved external symbol "public: class CryptoPP::Integer & __cdecl CryptoPP::Integer::operator--(void)" (??FInteger@CryptoPP@@QEAAAEAV01@XZ) referenced in function "public: virtual class CryptoPP::Integer __cdecl CryptoPP::TrapdoorFunctionBounds::MaxImage(void)const " (?MaxImage@TrapdoorFunctionBounds@CryptoPP@@UEBA?AVInteger@2@XZ)
encryption.obj : error LNK2019: unresolved external symbol "public: virtual __cdecl CryptoPP::ByteQueue::~ByteQueue(void)" (??1ByteQueue@CryptoPP@@UEAA@XZ) referenced in function "public: virtual __cdecl CryptoPP::PKCS8PrivateKey::~PKCS8PrivateKey(void)" (??1PKCS8PrivateKey@CryptoPP@@UEAA@XZ)
encryption.obj : error LNK2019: unresolved external symbol "public: __cdecl CryptoPP::ByteQueue::ByteQueue(unsigned __int64)" (??0ByteQueue@CryptoPP@@QEAA@_K@Z) referenced in function "public: __cdecl CryptoPP::PKCS8PrivateKey::PKCS8PrivateKey(void)" (??0PKCS8PrivateKey@CryptoPP@@QEAA@XZ)
encryption.obj : error LNK2019: unresolved external symbol "public: __cdecl CryptoPP::ByteQueue::ByteQueue(class CryptoPP::ByteQueue const &)" (??0ByteQueue@CryptoPP@@QEAA@AEBV01@@Z) referenced in function "public: __cdecl CryptoPP::PKCS8PrivateKey::PKCS8PrivateKey(class CryptoPP::PKCS8PrivateKey const &)" (??0PKCS8PrivateKey@CryptoPP@@QEAA@AEBV01@@Z)
encryption.obj : error LNK2019: unresolved external symbol "void __cdecl CryptoPP::DEREncodeNull(class CryptoPP::BufferedTransformation &)" (?DEREncodeNull@CryptoPP@@YAXAEAVBufferedTransformation@1@@Z) referenced in function "public: virtual bool __cdecl CryptoPP::PKCS8PrivateKey::DEREncodeAlgorithmParameters(class CryptoPP::BufferedTransformation &)const " (?DEREncodeAlgorithmParameters@PKCS8PrivateKey@CryptoPP@@UEBA_NAEAVBufferedTransformation@2@@Z)
encryption.obj : error LNK2019: unresolved external symbol "void __cdecl CryptoPP::BERDecodeNull(class CryptoPP::BufferedTransformation &)" (?BERDecodeNull@CryptoPP@@YAXAEAVBufferedTransformation@1@@Z) referenced in function "public: virtual bool __cdecl CryptoPP::PKCS8PrivateKey::BERDecodeAlgorithmParameters(class CryptoPP::BufferedTransformation &)" (?BERDecodeAlgorithmParameters@PKCS8PrivateKey@CryptoPP@@UEAA_NAEAVBufferedTransformation@2@@Z)
encryption.obj : error LNK2001: unresolved external symbol "public: virtual void __cdecl CryptoPP::X509PublicKey::BERDecode(class CryptoPP::BufferedTransformation &)" (?BERDecode@X509PublicKey@CryptoPP@@UEAAXAEAVBufferedTransformation@2@@Z)
encryption.obj : error LNK2001: unresolved external symbol "public: virtual void __cdecl CryptoPP::X509PublicKey::DEREncode(class CryptoPP::BufferedTransformation &)const " (?DEREncode@X509PublicKey@CryptoPP@@UEBAXAEAVBufferedTransformation@2@@Z)
encryption.obj : error LNK2019: unresolved external symbol "public: virtual void __cdecl CryptoPP::PKCS8PrivateKey::BERDecode(class CryptoPP::BufferedTransformation &)" (?BERDecode@PKCS8PrivateKey@CryptoPP@@UEAAXAEAVBufferedTransformation@2@@Z) referenced in function "public: virtual void __cdecl CryptoPP::InvertibleRSAFunction::BERDecode(class CryptoPP::BufferedTransformation &)" (?BERDecode@InvertibleRSAFunction@CryptoPP@@UEAAXAEAVBufferedTransformation@2@@Z)
encryption.obj : error LNK2019: unresolved external symbol "public: virtual void __cdecl CryptoPP::PKCS8PrivateKey::DEREncode(class CryptoPP::BufferedTransformation &)const " (?DEREncode@PKCS8PrivateKey@CryptoPP@@UEBAXAEAVBufferedTransformation@2@@Z) referenced in function "public: virtual void __cdecl CryptoPP::InvertibleRSAFunction::DEREncode(class CryptoPP::BufferedTransformation &)const " (?DEREncode@InvertibleRSAFunction@CryptoPP@@UEBAXAEAVBufferedTransformation@2@@Z)
encryption.obj : error LNK2001: unresolved external symbol "public: virtual void __cdecl CryptoPP::PKCS8PrivateKey::BERDecodeOptionalAttributes(class CryptoPP::BufferedTransformation &)" (?BERDecodeOptionalAttributes@PKCS8PrivateKey@CryptoPP@@UEAAXAEAVBufferedTransformation@2@@Z)
encryption.obj : error LNK2001: unresolved external symbol "public: virtual void __cdecl CryptoPP::PKCS8PrivateKey::DEREncodeOptionalAttributes(class CryptoPP::BufferedTransformation &)const " (?DEREncodeOptionalAttributes@PKCS8PrivateKey@CryptoPP@@UEBAXAEAVBufferedTransformation@2@@Z)
encryption.obj : error LNK2019: unresolved external symbol "public: virtual class CryptoPP::OID __cdecl CryptoPP::RSAFunction::GetAlgorithmID(void)const " (?GetAlgorithmID@RSAFunction@CryptoPP@@UEBA?AVOID@2@XZ) referenced in function "public: virtual class CryptoPP::OID __cdecl CryptoPP::InvertibleRSAFunction::GetAlgorithmID(void)const " (?GetAlgorithmID@InvertibleRSAFunction@CryptoPP@@UEBA?AVOID@2@XZ)
encryption.obj : error LNK2001: unresolved external symbol "public: virtual void __cdecl CryptoPP::RSAFunction::BERDecodePublicKey(class CryptoPP::BufferedTransformation &,bool,unsigned __int64)" (?BERDecodePublicKey@RSAFunction@CryptoPP@@UEAAXAEAVBufferedTransformation@2@_N_K@Z)
encryption.obj : error LNK2001: unresolved external symbol "public: virtual void __cdecl CryptoPP::RSAFunction::DEREncodePublicKey(class CryptoPP::BufferedTransformation &)const " (?DEREncodePublicKey@RSAFunction@CryptoPP@@UEBAXAEAVBufferedTransformation@2@@Z)
encryption.obj : error LNK2001: unresolved external symbol "public: virtual bool __cdecl CryptoPP::RSAFunction::Validate(class CryptoPP::RandomNumberGenerator &,unsigned int)const " (?Validate@RSAFunction@CryptoPP@@UEBA_NAEAVRandomNumberGenerator@2@I@Z)
encryption.obj : error LNK2001: unresolved external symbol "public: virtual bool __cdecl CryptoPP::RSAFunction::GetVoidValue(char const *,class type_info const &,void *)const " (?GetVoidValue@RSAFunction@CryptoPP@@UEBA_NPEBDAEBVtype_info@@PEAX@Z)
encryption.obj : error LNK2001: unresolved external symbol "public: virtual void __cdecl CryptoPP::RSAFunction::AssignFrom(class CryptoPP::NameValuePairs const &)" (?AssignFrom@RSAFunction@CryptoPP@@UEAAXAEBVNameValuePairs@2@@Z)
encryption.obj : error LNK2001: unresolved external symbol "public: virtual class CryptoPP::Integer __cdecl CryptoPP::RSAFunction::ApplyFunction(class CryptoPP::Integer const &)const " (?ApplyFunction@RSAFunction@CryptoPP@@UEBA?AVInteger@2@AEBV32@@Z)
encryption.obj : error LNK2001: unresolved external symbol "public: virtual void __cdecl CryptoPP::InvertibleRSAFunction::BERDecodePrivateKey(class CryptoPP::BufferedTransformation &,bool,unsigned __int64)" (?BERDecodePrivateKey@InvertibleRSAFunction@CryptoPP@@UEAAXAEAVBufferedTransformation@2@_N_K@Z)
encryption.obj : error LNK2001: unresolved external symbol "public: virtual void __cdecl CryptoPP::InvertibleRSAFunction::DEREncodePrivateKey(class CryptoPP::BufferedTransformation &)const " (?DEREncodePrivateKey@InvertibleRSAFunction@CryptoPP@@UEBAXAEAVBufferedTransformation@2@@Z)
encryption.obj : error LNK2001: unresolved external symbol "public: virtual class CryptoPP::Integer __cdecl CryptoPP::InvertibleRSAFunction::CalculateInverse(class CryptoPP::RandomNumberGenerator &,class CryptoPP::Integer const &)const " (?CalculateInverse@InvertibleRSAFunction@CryptoPP@@UEBA?AVInteger@2@AEAVRandomNumberGenerator@2@AEBV32@@Z)
encryption.obj : error LNK2001: unresolved external symbol "public: virtual bool __cdecl CryptoPP::InvertibleRSAFunction::Validate(class CryptoPP::RandomNumberGenerator &,unsigned int)const " (?Validate@InvertibleRSAFunction@CryptoPP@@UEBA_NAEAVRandomNumberGenerator@2@I@Z)
encryption.obj : error LNK2001: unresolved external symbol "public: virtual void __cdecl CryptoPP::InvertibleRSAFunction::GenerateRandom(class CryptoPP::RandomNumberGenerator &,class CryptoPP::NameValuePairs const &)" (?GenerateRandom@InvertibleRSAFunction@CryptoPP@@UEAAXAEAVRandomNumberGenerator@2@AEBVNameValuePairs@2@@Z)
encryption.obj : error LNK2001: unresolved external symbol "public: virtual bool __cdecl CryptoPP::InvertibleRSAFunction::GetVoidValue(char const *,class type_info const &,void *)const " (?GetVoidValue@InvertibleRSAFunction@CryptoPP@@UEBA_NPEBDAEBVtype_info@@PEAX@Z)
encryption.obj : error LNK2001: unresolved external symbol "public: virtual void __cdecl CryptoPP::InvertibleRSAFunction::AssignFrom(class CryptoPP::NameValuePairs const &)" (?AssignFrom@InvertibleRSAFunction@CryptoPP@@UEAAXAEBVNameValuePairs@2@@Z)
D:\DefenciveProject\Client\Client\x64\Debug\Client.exe : fatal error LNK1120: 31 unresolved externals
